entity worldspawn unknown item
entity target_delay unknown item
entity light unknown item
entity target_delay unknown item
entity target_speaker unknown item
entity trigger_multiple unknown item
entity target_speaker unknown item
entity trigger_multiple unknown item
entity target_speaker unknown item
entity trigger_multiple unknown item
entity target_speaker unknown item
entity trigger_multiple unknown item
entity target_speaker unknown item
entity trigger_multiple unknown item
entity target_speaker unknown item
entity trigger_multiple unknown item
entity misc_model unknown item
entity light unknown item
entity light unknown item
entity target_speaker unknown item
entity target_speaker unknown item
entity func_timer unknown item
entity target_speaker unknown item
entity target_speaker unknown item
entity target_position unknown item
entity info_player_intermission unknown item
entity target_speaker unknown item
entity func_timer unknown item
entity target_speaker unknown item
entity misc_model unknown item
entity light unknown item
entity misc_teleporter_dest unknown item
entity target_position unknown item
entity misc_portal_camera unknown item
entity light unknown item
entity light unknown item
entity target_position unknown item
entity light unknown item
entity info_player_deathmatch unknown item
entity light unknown item
entity light unknown item
entity info_null unknown item
entity light unknown item
entity light unknown item
entity light unknown item
entity target_position unknown item
entity light unknown item
entity light unknown item
entity light unknown item
entity light unknown item
entity light unknown item
entity light unknown item
entity light unknown item
entity light unknown item
entity light unknown item
entity light unknown item
entity light unknown item
entity light unknown item
entity light unknown item
entity light unknown item
entity info_player_deathmatch unknown item
entity info_player_deathmatch unknown item
entity light unknown item
entity light unknown item
entity light unknown item
entity light unknown item
entity light unknown item
entity light unknown item
entity light unknown item
entity light unknown item
entity light unknown item
entity light unknown item
entity light unknown item
entity light unknown item
entity light unknown item
entity light unknown item
entity light unknown item
entity misc_model unknown item
entity light unknown item
entity light unknown item
entity misc_model unknown item
entity info_player_deathmatch unknown item
entity light unknown item
entity light unknown item
entity light unknown item
entity light unknown item
entity trigger_multiple unknown item
entity func_timer unknown item
entity target_speaker unknown item
entity trigger_multiple unknown item
entity func_timer unknown item
entity target_speaker unknown item
entity target_speaker unknown item
entity trigger_teleport unknown item
entity misc_portal_surface unknown item
entity misc_portal_surface unknown item
entity info_player_deathmatch unknown item
entity misc_model unknown item
entity light unknown item
entity func_rotating unknown item
entity light unknown item
entity light unknown item
entity light unknown item
entity light unknown item
entity light unknown item
entity light unknown item
entity light unknown item
entity light unknown item
entity light unknown item
entity light unknown item
entity target_position unknown item
entity light unknown item
entity light unknown item
entity target_position unknown item
entity light unknown item
entity light unknown item
entity func_rotating unknown item
entity light unknown item
entity light unknown item
entity light unknown item
entity light unknown item
entity light unknown item
entity light unknown item
entity light unknown item
entity misc_model unknown item
entity misc_model unknown item
entity func_timer unknown item
entity target_speaker unknown item
entity target_speaker unknown item
entity func_timer unknown item
entity target_speaker unknown item
entity func_timer unknown item
entity target_speaker unknown item
entity func_door unknown item
entity func_door unknown item
entity light unknown item
entity light unknown item
entity misc_model unknown item
entity light unknown item
item info 7 "weapon_gauntlet" has no fuzzy weight
item info 16 "weapon_grapplinghook" has no fuzzy weight
